<?xml version="1.0" encoding="UTF-8"?>
<testng-results ignored="0" total="56" passed="56" failed="0" skipped="0">
  <reporter-output>
  </reporter-output>
  <suite started-at="2023-11-24T12:36:19 EST" name="Suite" finished-at="2023-11-24T12:53:03 EST" duration-ms="1004356">
    <groups>
      <group name="cucumber">
        <method signature="AbstractTestNGCucumberTests.runScenario(io.cucumber.testng.PickleWrapper,io.cucumber.testng.FeatureWrapper)[pri:0, instance:Runnerfiles.Runnerclass@477b4cdf]" name="runScenario" class="io.cucumber.testng.AbstractTestNGCucumberTests"/>
      </group> <!-- cucumber -->
    </groups>
    <test started-at="2023-11-24T12:36:19 EST" name="TestChrome" finished-at="2023-11-24T12:53:03 EST" duration-ms="1004356">
      <class name="Runnerfiles.Runnerclass">
        <test-method is-config="true" signature="setUpClass(org.testng.ITestContext)[pri:0, instance:Runnerfiles.Runnerclass@477b4cdf]" started-at="2023-11-24T12:36:20 EST" name="setUpClass" finished-at="2023-11-24T12:36:21 EST" duration-ms="1798" status="PASS">
          <params>
            <param index="0">
              <value>
                <![CDATA[org.testng.TestRunner@530daa7e]]>
              </value>
            </param>
          </params>
          <reporter-output>
          </reporter-output>
        </test-method> <!-- setUpClass -->
        <test-method signature="runScenario(io.cucumber.testng.PickleWrapper,io.cucumber.testng.FeatureWrapper)[pri:0, instance:Runnerfiles.Runnerclass@477b4cdf]" started-at="2023-11-24T12:36:21 EST" name="runScenario" description="Runs Cucumber Scenarios" data-provider="scenarios" finished-at="2023-11-24T12:36:29 EST" duration-ms="7477" status="PASS">
          <params>
            <param index="0">
              <value>
                <![CDATA["user is logged in to DS Algo portal"]]>
              </value>
            </param>
            <param index="1">
              <value>
                <![CDATA["Testing Array page"]]>
              </value>
            </param>
          </params>
          <reporter-output>
          </reporter-output>
        </test-method> <!-- runScenario -->
        <test-method signature="runScenario(io.cucumber.testng.PickleWrapper,io.cucumber.testng.FeatureWrapper)[pri:0, instance:Runnerfiles.Runnerclass@477b4cdf]" started-at="2023-11-24T12:36:29 EST" name="runScenario" description="Runs Cucumber Scenarios" data-provider="scenarios" finished-at="2023-11-24T12:36:34 EST" duration-ms="5480" status="PASS">
          <params>
            <param index="0">
              <value>
                <![CDATA["user is logged in to DS Algo portal"]]>
              </value>
            </param>
            <param index="1">
              <value>
                <![CDATA["Testing Array page"]]>
              </value>
            </param>
          </params>
          <reporter-output>
          </reporter-output>
        </test-method> <!-- runScenario -->
        <test-method signature="runScenario(io.cucumber.testng.PickleWrapper,io.cucumber.testng.FeatureWrapper)[pri:0, instance:Runnerfiles.Runnerclass@477b4cdf]" started-at="2023-11-24T12:36:34 EST" name="runScenario" description="Runs Cucumber Scenarios" data-provider="scenarios" finished-at="2023-11-24T12:36:40 EST" duration-ms="5709" status="PASS">
          <params>
            <param index="0">
              <value>
                <![CDATA["user is logged in to DS Algo portal"]]>
              </value>
            </param>
            <param index="1">
              <value>
                <![CDATA["Testing Array page"]]>
              </value>
            </param>
          </params>
          <reporter-output>
          </reporter-output>
        </test-method> <!-- runScenario -->
        <test-method signature="runScenario(io.cucumber.testng.PickleWrapper,io.cucumber.testng.FeatureWrapper)[pri:0, instance:Runnerfiles.Runnerclass@477b4cdf]" started-at="2023-11-24T12:36:40 EST" name="runScenario" description="Runs Cucumber Scenarios" data-provider="scenarios" finished-at="2023-11-24T12:36:48 EST" duration-ms="8300" status="PASS">
          <params>
            <param index="0">
              <value>
                <![CDATA["user is logged in to DS Algo portal"]]>
              </value>
            </param>
            <param index="1">
              <value>
                <![CDATA["Testing Array page"]]>
              </value>
            </param>
          </params>
          <reporter-output>
          </reporter-output>
        </test-method> <!-- runScenario -->
        <test-method signature="runScenario(io.cucumber.testng.PickleWrapper,io.cucumber.testng.FeatureWrapper)[pri:0, instance:Runnerfiles.Runnerclass@477b4cdf]" started-at="2023-11-24T12:36:48 EST" name="runScenario" description="Runs Cucumber Scenarios" data-provider="scenarios" finished-at="2023-11-24T12:36:56 EST" duration-ms="7994" status="PASS">
          <params>
            <param index="0">
              <value>
                <![CDATA["user is logged in to DS Algo portal"]]>
              </value>
            </param>
            <param index="1">
              <value>
                <![CDATA["Testing Array page"]]>
              </value>
            </param>
          </params>
          <reporter-output>
          </reporter-output>
        </test-method> <!-- runScenario -->
        <test-method signature="runScenario(io.cucumber.testng.PickleWrapper,io.cucumber.testng.FeatureWrapper)[pri:0, instance:Runnerfiles.Runnerclass@477b4cdf]" started-at="2023-11-24T12:36:56 EST" name="runScenario" description="Runs Cucumber Scenarios" data-provider="scenarios" finished-at="2023-11-24T12:37:03 EST" duration-ms="6415" status="PASS">
          <params>
            <param index="0">
              <value>
                <![CDATA["Data structure"]]>
              </value>
            </param>
            <param index="1">
              <value>
                <![CDATA["Testing data structure Module"]]>
              </value>
            </param>
          </params>
          <reporter-output>
          </reporter-output>
        </test-method> <!-- runScenario -->
        <test-method signature="runScenario(io.cucumber.testng.PickleWrapper,io.cucumber.testng.FeatureWrapper)[pri:0, instance:Runnerfiles.Runnerclass@477b4cdf]" started-at="2023-11-24T12:37:03 EST" name="runScenario" description="Runs Cucumber Scenarios" data-provider="scenarios" finished-at="2023-11-24T12:37:06 EST" duration-ms="3651" status="PASS">
          <params>
            <param index="0">
              <value>
                <![CDATA["user is in data structure intro page"]]>
              </value>
            </param>
            <param index="1">
              <value>
                <![CDATA["Testing data structure Module"]]>
              </value>
            </param>
          </params>
          <reporter-output>
          </reporter-output>
        </test-method> <!-- runScenario -->
        <test-method signature="runScenario(io.cucumber.testng.PickleWrapper,io.cucumber.testng.FeatureWrapper)[pri:0, instance:Runnerfiles.Runnerclass@477b4cdf]" started-at="2023-11-24T12:37:07 EST" name="runScenario" description="Runs Cucumber Scenarios" data-provider="scenarios" finished-at="2023-11-24T12:37:16 EST" duration-ms="9787" status="PASS">
          <params>
            <param index="0">
              <value>
                <![CDATA["Graph Module"]]>
              </value>
            </param>
            <param index="1">
              <value>
                <![CDATA["Testing Graph Module"]]>
              </value>
            </param>
          </params>
          <reporter-output>
          </reporter-output>
        </test-method> <!-- runScenario -->
        <test-method signature="runScenario(io.cucumber.testng.PickleWrapper,io.cucumber.testng.FeatureWrapper)[pri:0, instance:Runnerfiles.Runnerclass@477b4cdf]" started-at="2023-11-24T12:37:16 EST" name="runScenario" description="Runs Cucumber Scenarios" data-provider="scenarios" finished-at="2023-11-24T12:37:24 EST" duration-ms="7551" status="PASS">
          <params>
            <param index="0">
              <value>
                <![CDATA["user is navigated to Graph page"]]>
              </value>
            </param>
            <param index="1">
              <value>
                <![CDATA["Testing Graph Module"]]>
              </value>
            </param>
          </params>
          <reporter-output>
          </reporter-output>
        </test-method> <!-- runScenario -->
        <test-method signature="runScenario(io.cucumber.testng.PickleWrapper,io.cucumber.testng.FeatureWrapper)[pri:0, instance:Runnerfiles.Runnerclass@477b4cdf]" started-at="2023-11-24T12:37:24 EST" name="runScenario" description="Runs Cucumber Scenarios" data-provider="scenarios" finished-at="2023-11-24T12:37:27 EST" duration-ms="3216" status="PASS">
          <params>
            <param index="0">
              <value>
                <![CDATA["DS Algo Portal"]]>
              </value>
            </param>
            <param index="1">
              <value>
                <![CDATA["HerokuApp Testcases"]]>
              </value>
            </param>
          </params>
          <reporter-output>
          </reporter-output>
        </test-method> <!-- runScenario -->
        <test-method signature="runScenario(io.cucumber.testng.PickleWrapper,io.cucumber.testng.FeatureWrapper)[pri:0, instance:Runnerfiles.Runnerclass@477b4cdf]" started-at="2023-11-24T12:37:27 EST" name="runScenario" description="Runs Cucumber Scenarios" data-provider="scenarios" finished-at="2023-11-24T12:37:31 EST" duration-ms="3829" status="PASS">
          <params>
            <param index="0">
              <value>
                <![CDATA["User is on the Home page and click sign in"]]>
              </value>
            </param>
            <param index="1">
              <value>
                <![CDATA["HerokuApp Testcases"]]>
              </value>
            </param>
          </params>
          <reporter-output>
          </reporter-output>
        </test-method> <!-- runScenario -->
        <test-method signature="runScenario(io.cucumber.testng.PickleWrapper,io.cucumber.testng.FeatureWrapper)[pri:0, instance:Runnerfiles.Runnerclass@477b4cdf]" started-at="2023-11-24T12:37:31 EST" name="runScenario" description="Runs Cucumber Scenarios" data-provider="scenarios" finished-at="2023-11-24T12:37:36 EST" duration-ms="5373" status="PASS">
          <params>
            <param index="0">
              <value>
                <![CDATA["user is on homepage without sigin"]]>
              </value>
            </param>
            <param index="1">
              <value>
                <![CDATA["HerokuApp Testcases"]]>
              </value>
            </param>
          </params>
          <reporter-output>
          </reporter-output>
        </test-method> <!-- runScenario -->
        <test-method signature="runScenario(io.cucumber.testng.PickleWrapper,io.cucumber.testng.FeatureWrapper)[pri:0, instance:Runnerfiles.Runnerclass@477b4cdf]" started-at="2023-11-24T12:37:36 EST" name="runScenario" description="Runs Cucumber Scenarios" data-provider="scenarios" finished-at="2023-11-24T12:37:41 EST" duration-ms="4590" status="PASS">
          <params>
            <param index="0">
              <value>
                <![CDATA["user is on homepage without sigin"]]>
              </value>
            </param>
            <param index="1">
              <value>
                <![CDATA["HerokuApp Testcases"]]>
              </value>
            </param>
          </params>
          <reporter-output>
          </reporter-output>
        </test-method> <!-- runScenario -->
        <test-method signature="runScenario(io.cucumber.testng.PickleWrapper,io.cucumber.testng.FeatureWrapper)[pri:0, instance:Runnerfiles.Runnerclass@477b4cdf]" started-at="2023-11-24T12:37:41 EST" name="runScenario" description="Runs Cucumber Scenarios" data-provider="scenarios" finished-at="2023-11-24T12:37:46 EST" duration-ms="5029" status="PASS">
          <params>
            <param index="0">
              <value>
                <![CDATA["user is on homepage without sigin"]]>
              </value>
            </param>
            <param index="1">
              <value>
                <![CDATA["HerokuApp Testcases"]]>
              </value>
            </param>
          </params>
          <reporter-output>
          </reporter-output>
        </test-method> <!-- runScenario -->
        <test-method signature="runScenario(io.cucumber.testng.PickleWrapper,io.cucumber.testng.FeatureWrapper)[pri:0, instance:Runnerfiles.Runnerclass@477b4cdf]" started-at="2023-11-24T12:37:46 EST" name="runScenario" description="Runs Cucumber Scenarios" data-provider="scenarios" finished-at="2023-11-24T12:37:51 EST" duration-ms="4921" status="PASS">
          <params>
            <param index="0">
              <value>
                <![CDATA["user is on homepage without sigin"]]>
              </value>
            </param>
            <param index="1">
              <value>
                <![CDATA["HerokuApp Testcases"]]>
              </value>
            </param>
          </params>
          <reporter-output>
          </reporter-output>
        </test-method> <!-- runScenario -->
        <test-method signature="runScenario(io.cucumber.testng.PickleWrapper,io.cucumber.testng.FeatureWrapper)[pri:0, instance:Runnerfiles.Runnerclass@477b4cdf]" started-at="2023-11-24T12:37:51 EST" name="runScenario" description="Runs Cucumber Scenarios" data-provider="scenarios" finished-at="2023-11-24T12:37:56 EST" duration-ms="5619" status="PASS">
          <params>
            <param index="0">
              <value>
                <![CDATA["user is on homepage without sigin"]]>
              </value>
            </param>
            <param index="1">
              <value>
                <![CDATA["HerokuApp Testcases"]]>
              </value>
            </param>
          </params>
          <reporter-output>
          </reporter-output>
        </test-method> <!-- runScenario -->
        <test-method signature="runScenario(io.cucumber.testng.PickleWrapper,io.cucumber.testng.FeatureWrapper)[pri:0, instance:Runnerfiles.Runnerclass@477b4cdf]" started-at="2023-11-24T12:37:56 EST" name="runScenario" description="Runs Cucumber Scenarios" data-provider="scenarios" finished-at="2023-11-24T12:38:01 EST" duration-ms="4078" status="PASS">
          <params>
            <param index="0">
              <value>
                <![CDATA["user is on homepage without sigin"]]>
              </value>
            </param>
            <param index="1">
              <value>
                <![CDATA["HerokuApp Testcases"]]>
              </value>
            </param>
          </params>
          <reporter-output>
          </reporter-output>
        </test-method> <!-- runScenario -->
        <test-method signature="runScenario(io.cucumber.testng.PickleWrapper,io.cucumber.testng.FeatureWrapper)[pri:0, instance:Runnerfiles.Runnerclass@477b4cdf]" started-at="2023-11-24T12:38:01 EST" name="runScenario" description="Runs Cucumber Scenarios" data-provider="scenarios" finished-at="2023-11-24T12:38:06 EST" duration-ms="4944" status="PASS">
          <params>
            <param index="0">
              <value>
                <![CDATA["User is on Home page and click getstarted link without sign in"]]>
              </value>
            </param>
            <param index="1">
              <value>
                <![CDATA["HerokuApp Testcases"]]>
              </value>
            </param>
          </params>
          <reporter-output>
          </reporter-output>
        </test-method> <!-- runScenario -->
        <test-method signature="runScenario(io.cucumber.testng.PickleWrapper,io.cucumber.testng.FeatureWrapper)[pri:0, instance:Runnerfiles.Runnerclass@477b4cdf]" started-at="2023-11-24T12:38:06 EST" name="runScenario" description="Runs Cucumber Scenarios" data-provider="scenarios" finished-at="2023-11-24T12:38:10 EST" duration-ms="4839" status="PASS">
          <params>
            <param index="0">
              <value>
                <![CDATA["User is on Home page and click on register"]]>
              </value>
            </param>
            <param index="1">
              <value>
                <![CDATA["HerokuApp Testcases"]]>
              </value>
            </param>
          </params>
          <reporter-output>
          </reporter-output>
        </test-method> <!-- runScenario -->
        <test-method signature="runScenario(io.cucumber.testng.PickleWrapper,io.cucumber.testng.FeatureWrapper)[pri:0, instance:Runnerfiles.Runnerclass@477b4cdf]" started-at="2023-11-24T12:38:10 EST" name="runScenario" description="Runs Cucumber Scenarios" data-provider="scenarios" finished-at="2023-11-24T12:38:19 EST" duration-ms="8533" status="PASS">
          <params>
            <param index="0">
              <value>
                <![CDATA["The user is logged in to DS Algo portal"]]>
              </value>
            </param>
            <param index="1">
              <value>
                <![CDATA["Testing LinkedList page"]]>
              </value>
            </param>
          </params>
          <reporter-output>
          </reporter-output>
        </test-method> <!-- runScenario -->
        <test-method signature="runScenario(io.cucumber.testng.PickleWrapper,io.cucumber.testng.FeatureWrapper)[pri:0, instance:Runnerfiles.Runnerclass@477b4cdf]" started-at="2023-11-24T12:38:19 EST" name="runScenario" description="Runs Cucumber Scenarios" data-provider="scenarios" finished-at="2023-11-24T12:38:28 EST" duration-ms="8722" status="PASS">
          <params>
            <param index="0">
              <value>
                <![CDATA["user is in linkedlist page after logged in"]]>
              </value>
            </param>
            <param index="1">
              <value>
                <![CDATA["Testing LinkedList page"]]>
              </value>
            </param>
          </params>
          <reporter-output>
          </reporter-output>
        </test-method> <!-- runScenario -->
        <test-method signature="runScenario(io.cucumber.testng.PickleWrapper,io.cucumber.testng.FeatureWrapper)[pri:0, instance:Runnerfiles.Runnerclass@477b4cdf]" started-at="2023-11-24T12:38:28 EST" name="runScenario" description="Runs Cucumber Scenarios" data-provider="scenarios" finished-at="2023-11-24T12:38:52 EST" duration-ms="24188" status="PASS">
          <params>
            <param index="0">
              <value>
                <![CDATA["user is in linkedlist page after login"]]>
              </value>
            </param>
            <param index="1">
              <value>
                <![CDATA["Testing LinkedList page"]]>
              </value>
            </param>
          </params>
          <reporter-output>
          </reporter-output>
        </test-method> <!-- runScenario -->
        <test-method signature="runScenario(io.cucumber.testng.PickleWrapper,io.cucumber.testng.FeatureWrapper)[pri:0, instance:Runnerfiles.Runnerclass@477b4cdf]" started-at="2023-11-24T12:38:52 EST" name="runScenario" description="Runs Cucumber Scenarios" data-provider="scenarios" finished-at="2023-11-24T12:39:03 EST" duration-ms="11664" status="PASS">
          <params>
            <param index="0">
              <value>
                <![CDATA["user is in linkedlist page after login"]]>
              </value>
            </param>
            <param index="1">
              <value>
                <![CDATA["Testing LinkedList page"]]>
              </value>
            </param>
          </params>
          <reporter-output>
          </reporter-output>
        </test-method> <!-- runScenario -->
        <test-method signature="runScenario(io.cucumber.testng.PickleWrapper,io.cucumber.testng.FeatureWrapper)[pri:0, instance:Runnerfiles.Runnerclass@477b4cdf]" started-at="2023-11-24T12:39:04 EST" name="runScenario" description="Runs Cucumber Scenarios" data-provider="scenarios" finished-at="2023-11-24T12:39:15 EST" duration-ms="11680" status="PASS">
          <params>
            <param index="0">
              <value>
                <![CDATA["user is in linkedlist page after login"]]>
              </value>
            </param>
            <param index="1">
              <value>
                <![CDATA["Testing LinkedList page"]]>
              </value>
            </param>
          </params>
          <reporter-output>
          </reporter-output>
        </test-method> <!-- runScenario -->
        <test-method signature="runScenario(io.cucumber.testng.PickleWrapper,io.cucumber.testng.FeatureWrapper)[pri:0, instance:Runnerfiles.Runnerclass@477b4cdf]" started-at="2023-11-24T12:39:15 EST" name="runScenario" description="Runs Cucumber Scenarios" data-provider="scenarios" finished-at="2023-11-24T12:39:24 EST" duration-ms="8266" status="PASS">
          <params>
            <param index="0">
              <value>
                <![CDATA["user validating "Practice Questions" page"]]>
              </value>
            </param>
            <param index="1">
              <value>
                <![CDATA["Testing LinkedList page"]]>
              </value>
            </param>
          </params>
          <reporter-output>
          </reporter-output>
        </test-method> <!-- runScenario -->
        <test-method signature="runScenario(io.cucumber.testng.PickleWrapper,io.cucumber.testng.FeatureWrapper)[pri:0, instance:Runnerfiles.Runnerclass@477b4cdf]" started-at="2023-11-24T12:39:24 EST" name="runScenario" description="Runs Cucumber Scenarios" data-provider="scenarios" finished-at="2023-11-24T12:39:40 EST" duration-ms="16296" status="PASS">
          <params>
            <param index="0">
              <value>
                <![CDATA["user is logged in to DS Algo portal"]]>
              </value>
            </param>
            <param index="1">
              <value>
                <![CDATA["Testing Queue page"]]>
              </value>
            </param>
          </params>
          <reporter-output>
          </reporter-output>
        </test-method> <!-- runScenario -->
        <test-method signature="runScenario(io.cucumber.testng.PickleWrapper,io.cucumber.testng.FeatureWrapper)[pri:0, instance:Runnerfiles.Runnerclass@477b4cdf]" started-at="2023-11-24T12:39:40 EST" name="runScenario" description="Runs Cucumber Scenarios" data-provider="scenarios" finished-at="2023-11-24T12:39:57 EST" duration-ms="17267" status="PASS">
          <params>
            <param index="0">
              <value>
                <![CDATA["user is logged in to DS Algo portal"]]>
              </value>
            </param>
            <param index="1">
              <value>
                <![CDATA["Testing Queue page"]]>
              </value>
            </param>
          </params>
          <reporter-output>
          </reporter-output>
        </test-method> <!-- runScenario -->
        <test-method signature="runScenario(io.cucumber.testng.PickleWrapper,io.cucumber.testng.FeatureWrapper)[pri:0, instance:Runnerfiles.Runnerclass@477b4cdf]" started-at="2023-11-24T12:39:57 EST" name="runScenario" description="Runs Cucumber Scenarios" data-provider="scenarios" finished-at="2023-11-24T12:40:11 EST" duration-ms="14191" status="PASS">
          <params>
            <param index="0">
              <value>
                <![CDATA["user is logged in to DS Algo portal"]]>
              </value>
            </param>
            <param index="1">
              <value>
                <![CDATA["Testing Queue page"]]>
              </value>
            </param>
          </params>
          <reporter-output>
          </reporter-output>
        </test-method> <!-- runScenario -->
        <test-method signature="runScenario(io.cucumber.testng.PickleWrapper,io.cucumber.testng.FeatureWrapper)[pri:0, instance:Runnerfiles.Runnerclass@477b4cdf]" started-at="2023-11-24T12:40:11 EST" name="runScenario" description="Runs Cucumber Scenarios" data-provider="scenarios" finished-at="2023-11-24T12:40:29 EST" duration-ms="17426" status="PASS">
          <params>
            <param index="0">
              <value>
                <![CDATA["user is logged in to DS Algo portal"]]>
              </value>
            </param>
            <param index="1">
              <value>
                <![CDATA["Testing Queue page"]]>
              </value>
            </param>
          </params>
          <reporter-output>
          </reporter-output>
        </test-method> <!-- runScenario -->
        <test-method signature="runScenario(io.cucumber.testng.PickleWrapper,io.cucumber.testng.FeatureWrapper)[pri:0, instance:Runnerfiles.Runnerclass@477b4cdf]" started-at="2023-11-24T12:40:29 EST" name="runScenario" description="Runs Cucumber Scenarios" data-provider="scenarios" finished-at="2023-11-24T12:40:37 EST" duration-ms="7958" status="PASS">
          <params>
            <param index="0">
              <value>
                <![CDATA["DS Algo Portal"]]>
              </value>
            </param>
            <param index="1">
              <value>
                <![CDATA["HerokuApp Testcases"]]>
              </value>
            </param>
          </params>
          <reporter-output>
          </reporter-output>
        </test-method> <!-- runScenario -->
        <test-method signature="runScenario(io.cucumber.testng.PickleWrapper,io.cucumber.testng.FeatureWrapper)[pri:0, instance:Runnerfiles.Runnerclass@477b4cdf]" started-at="2023-11-24T12:40:37 EST" name="runScenario" description="Runs Cucumber Scenarios" data-provider="scenarios" finished-at="2023-11-24T12:40:48 EST" duration-ms="11531" status="PASS">
          <params>
            <param index="0">
              <value>
                <![CDATA["user enter username only"]]>
              </value>
            </param>
            <param index="1">
              <value>
                <![CDATA["HerokuApp Testcases"]]>
              </value>
            </param>
          </params>
          <reporter-output>
          </reporter-output>
        </test-method> <!-- runScenario -->
        <test-method signature="runScenario(io.cucumber.testng.PickleWrapper,io.cucumber.testng.FeatureWrapper)[pri:0, instance:Runnerfiles.Runnerclass@477b4cdf]" started-at="2023-11-24T12:40:48 EST" name="runScenario" description="Runs Cucumber Scenarios" data-provider="scenarios" finished-at="2023-11-24T12:41:04 EST" duration-ms="15475" status="PASS">
          <params>
            <param index="0">
              <value>
                <![CDATA["user send username and password only"]]>
              </value>
            </param>
            <param index="1">
              <value>
                <![CDATA["HerokuApp Testcases"]]>
              </value>
            </param>
          </params>
          <reporter-output>
          </reporter-output>
        </test-method> <!-- runScenario -->
        <test-method signature="runScenario(io.cucumber.testng.PickleWrapper,io.cucumber.testng.FeatureWrapper)[pri:0, instance:Runnerfiles.Runnerclass@477b4cdf]" started-at="2023-11-24T12:41:04 EST" name="runScenario" description="Runs Cucumber Scenarios" data-provider="scenarios" finished-at="2023-11-24T12:41:29 EST" duration-ms="25398" status="PASS">
          <params>
            <param index="0">
              <value>
                <![CDATA["user enter username and two different password"]]>
              </value>
            </param>
            <param index="1">
              <value>
                <![CDATA["HerokuApp Testcases"]]>
              </value>
            </param>
          </params>
          <reporter-output>
          </reporter-output>
        </test-method> <!-- runScenario -->
        <test-method signature="runScenario(io.cucumber.testng.PickleWrapper,io.cucumber.testng.FeatureWrapper)[pri:0, instance:Runnerfiles.Runnerclass@477b4cdf]" started-at="2023-11-24T12:41:29 EST" name="runScenario" description="Runs Cucumber Scenarios" data-provider="scenarios" finished-at="2023-11-24T12:41:40 EST" duration-ms="11064" status="PASS">
          <params>
            <param index="0">
              <value>
                <![CDATA["user cliks register button with password less than eight character"]]>
              </value>
            </param>
            <param index="1">
              <value>
                <![CDATA["HerokuApp Testcases"]]>
              </value>
            </param>
          </params>
          <reporter-output>
          </reporter-output>
        </test-method> <!-- runScenario -->
        <test-method signature="runScenario(io.cucumber.testng.PickleWrapper,io.cucumber.testng.FeatureWrapper)[pri:0, instance:Runnerfiles.Runnerclass@477b4cdf]" started-at="2023-11-24T12:41:40 EST" name="runScenario" description="Runs Cucumber Scenarios" data-provider="scenarios" finished-at="2023-11-24T12:41:52 EST" duration-ms="11166" status="PASS">
          <params>
            <param index="0">
              <value>
                <![CDATA["Signin feature"]]>
              </value>
            </param>
            <param index="1">
              <value>
                <![CDATA["signin feature"]]>
              </value>
            </param>
          </params>
          <reporter-output>
          </reporter-output>
        </test-method> <!-- runScenario -->
        <test-method signature="runScenario(io.cucumber.testng.PickleWrapper,io.cucumber.testng.FeatureWrapper)[pri:0, instance:Runnerfiles.Runnerclass@477b4cdf]" started-at="2023-11-24T12:41:52 EST" name="runScenario" description="Runs Cucumber Scenarios" data-provider="scenarios" finished-at="2023-11-24T12:42:27 EST" duration-ms="35169" status="PASS">
          <params>
            <param index="0">
              <value>
                <![CDATA["User on login page and login with invalid and valid inputs from Excel "Sheet1" and"]]>
              </value>
            </param>
            <param index="1">
              <value>
                <![CDATA["signin feature"]]>
              </value>
            </param>
          </params>
          <reporter-output>
          </reporter-output>
        </test-method> <!-- runScenario -->
        <test-method signature="runScenario(io.cucumber.testng.PickleWrapper,io.cucumber.testng.FeatureWrapper)[pri:0, instance:Runnerfiles.Runnerclass@477b4cdf]" started-at="2023-11-24T12:42:27 EST" name="runScenario" description="Runs Cucumber Scenarios" data-provider="scenarios" finished-at="2023-11-24T12:42:34 EST" duration-ms="7571" status="PASS">
          <params>
            <param index="0">
              <value>
                <![CDATA["User on login page and login with invalid and valid inputs from Excel "Sheet1" and"]]>
              </value>
            </param>
            <param index="1">
              <value>
                <![CDATA["signin feature"]]>
              </value>
            </param>
          </params>
          <reporter-output>
          </reporter-output>
        </test-method> <!-- runScenario -->
        <test-method signature="runScenario(io.cucumber.testng.PickleWrapper,io.cucumber.testng.FeatureWrapper)[pri:0, instance:Runnerfiles.Runnerclass@477b4cdf]" started-at="2023-11-24T12:42:34 EST" name="runScenario" description="Runs Cucumber Scenarios" data-provider="scenarios" finished-at="2023-11-24T12:42:43 EST" duration-ms="8602" status="PASS">
          <params>
            <param index="0">
              <value>
                <![CDATA["User on login page and login with invalid and valid inputs from Excel "Sheet1" and"]]>
              </value>
            </param>
            <param index="1">
              <value>
                <![CDATA["signin feature"]]>
              </value>
            </param>
          </params>
          <reporter-output>
          </reporter-output>
        </test-method> <!-- runScenario -->
        <test-method signature="runScenario(io.cucumber.testng.PickleWrapper,io.cucumber.testng.FeatureWrapper)[pri:0, instance:Runnerfiles.Runnerclass@477b4cdf]" started-at="2023-11-24T12:42:43 EST" name="runScenario" description="Runs Cucumber Scenarios" data-provider="scenarios" finished-at="2023-11-24T12:42:54 EST" duration-ms="11161" status="PASS">
          <params>
            <param index="0">
              <value>
                <![CDATA["User on login page and login with invalid and valid inputs from Excel "Sheet1" and"]]>
              </value>
            </param>
            <param index="1">
              <value>
                <![CDATA["signin feature"]]>
              </value>
            </param>
          </params>
          <reporter-output>
          </reporter-output>
        </test-method> <!-- runScenario -->
        <test-method signature="runScenario(io.cucumber.testng.PickleWrapper,io.cucumber.testng.FeatureWrapper)[pri:0, instance:Runnerfiles.Runnerclass@477b4cdf]" started-at="2023-11-24T12:42:54 EST" name="runScenario" description="Runs Cucumber Scenarios" data-provider="scenarios" finished-at="2023-11-24T12:42:54 EST" duration-ms="51" status="PASS">
          <params>
            <param index="0">
              <value>
                <![CDATA["Stack Module"]]>
              </value>
            </param>
            <param index="1">
              <value>
                <![CDATA["Testing Stack Module"]]>
              </value>
            </param>
          </params>
          <reporter-output>
          </reporter-output>
        </test-method> <!-- runScenario -->
        <test-method signature="runScenario(io.cucumber.testng.PickleWrapper,io.cucumber.testng.FeatureWrapper)[pri:0, instance:Runnerfiles.Runnerclass@477b4cdf]" started-at="2023-11-24T12:42:54 EST" name="runScenario" description="Runs Cucumber Scenarios" data-provider="scenarios" finished-at="2023-11-24T12:43:57 EST" duration-ms="63280" status="PASS">
          <params>
            <param index="0">
              <value>
                <![CDATA["The user is logged in to DS Algo portal"]]>
              </value>
            </param>
            <param index="1">
              <value>
                <![CDATA["Testing Stack Module"]]>
              </value>
            </param>
          </params>
          <reporter-output>
          </reporter-output>
        </test-method> <!-- runScenario -->
        <test-method signature="runScenario(io.cucumber.testng.PickleWrapper,io.cucumber.testng.FeatureWrapper)[pri:0, instance:Runnerfiles.Runnerclass@477b4cdf]" started-at="2023-11-24T12:43:57 EST" name="runScenario" description="Runs Cucumber Scenarios" data-provider="scenarios" finished-at="2023-11-24T12:44:16 EST" duration-ms="18738" status="PASS">
          <params>
            <param index="0">
              <value>
                <![CDATA["user is navigated to stack page"]]>
              </value>
            </param>
            <param index="1">
              <value>
                <![CDATA["Testing Stack Module"]]>
              </value>
            </param>
          </params>
          <reporter-output>
          </reporter-output>
        </test-method> <!-- runScenario -->
        <test-method signature="runScenario(io.cucumber.testng.PickleWrapper,io.cucumber.testng.FeatureWrapper)[pri:0, instance:Runnerfiles.Runnerclass@477b4cdf]" started-at="2023-11-24T12:44:16 EST" name="runScenario" description="Runs Cucumber Scenarios" data-provider="scenarios" finished-at="2023-11-24T12:44:32 EST" duration-ms="16207" status="PASS">
          <params>
            <param index="0">
              <value>
                <![CDATA["user is navigated to stack page"]]>
              </value>
            </param>
            <param index="1">
              <value>
                <![CDATA["Testing Stack Module"]]>
              </value>
            </param>
          </params>
          <reporter-output>
          </reporter-output>
        </test-method> <!-- runScenario -->
        <test-method signature="runScenario(io.cucumber.testng.PickleWrapper,io.cucumber.testng.FeatureWrapper)[pri:0, instance:Runnerfiles.Runnerclass@477b4cdf]" started-at="2023-11-24T12:44:32 EST" name="runScenario" description="Runs Cucumber Scenarios" data-provider="scenarios" finished-at="2023-11-24T12:46:44 EST" duration-ms="131407" status="PASS">
          <params>
            <param index="0">
              <value>
                <![CDATA["user is logged in to DS Algo portal"]]>
              </value>
            </param>
            <param index="1">
              <value>
                <![CDATA["Testing Tree page"]]>
              </value>
            </param>
          </params>
          <reporter-output>
          </reporter-output>
        </test-method> <!-- runScenario -->
        <test-method signature="runScenario(io.cucumber.testng.PickleWrapper,io.cucumber.testng.FeatureWrapper)[pri:0, instance:Runnerfiles.Runnerclass@477b4cdf]" started-at="2023-11-24T12:46:44 EST" name="runScenario" description="Runs Cucumber Scenarios" data-provider="scenarios" finished-at="2023-11-24T12:47:15 EST" duration-ms="30904" status="PASS">
          <params>
            <param index="0">
              <value>
                <![CDATA["user is logged in to DS Algo portal"]]>
              </value>
            </param>
            <param index="1">
              <value>
                <![CDATA["Testing Tree page"]]>
              </value>
            </param>
          </params>
          <reporter-output>
          </reporter-output>
        </test-method> <!-- runScenario -->
        <test-method signature="runScenario(io.cucumber.testng.PickleWrapper,io.cucumber.testng.FeatureWrapper)[pri:0, instance:Runnerfiles.Runnerclass@477b4cdf]" started-at="2023-11-24T12:47:15 EST" name="runScenario" description="Runs Cucumber Scenarios" data-provider="scenarios" finished-at="2023-11-24T12:47:35 EST" duration-ms="20096" status="PASS">
          <params>
            <param index="0">
              <value>
                <![CDATA["user is logged in to DS Algo portal"]]>
              </value>
            </param>
            <param index="1">
              <value>
                <![CDATA["Testing Tree page"]]>
              </value>
            </param>
          </params>
          <reporter-output>
          </reporter-output>
        </test-method> <!-- runScenario -->
        <test-method signature="runScenario(io.cucumber.testng.PickleWrapper,io.cucumber.testng.FeatureWrapper)[pri:0, instance:Runnerfiles.Runnerclass@477b4cdf]" started-at="2023-11-24T12:47:35 EST" name="runScenario" description="Runs Cucumber Scenarios" data-provider="scenarios" finished-at="2023-11-24T12:47:52 EST" duration-ms="16804" status="PASS">
          <params>
            <param index="0">
              <value>
                <![CDATA["user is logged in to DS Algo portal"]]>
              </value>
            </param>
            <param index="1">
              <value>
                <![CDATA["Testing Tree page"]]>
              </value>
            </param>
          </params>
          <reporter-output>
          </reporter-output>
        </test-method> <!-- runScenario -->
        <test-method signature="runScenario(io.cucumber.testng.PickleWrapper,io.cucumber.testng.FeatureWrapper)[pri:0, instance:Runnerfiles.Runnerclass@477b4cdf]" started-at="2023-11-24T12:47:52 EST" name="runScenario" description="Runs Cucumber Scenarios" data-provider="scenarios" finished-at="2023-11-24T12:48:19 EST" duration-ms="27522" status="PASS">
          <params>
            <param index="0">
              <value>
                <![CDATA["user is logged in to DS Algo portal"]]>
              </value>
            </param>
            <param index="1">
              <value>
                <![CDATA["Testing Tree page"]]>
              </value>
            </param>
          </params>
          <reporter-output>
          </reporter-output>
        </test-method> <!-- runScenario -->
        <test-method signature="runScenario(io.cucumber.testng.PickleWrapper,io.cucumber.testng.FeatureWrapper)[pri:0, instance:Runnerfiles.Runnerclass@477b4cdf]" started-at="2023-11-24T12:48:19 EST" name="runScenario" description="Runs Cucumber Scenarios" data-provider="scenarios" finished-at="2023-11-24T12:48:35 EST" duration-ms="15924" status="PASS">
          <params>
            <param index="0">
              <value>
                <![CDATA["user is logged in to DS Algo portal"]]>
              </value>
            </param>
            <param index="1">
              <value>
                <![CDATA["Testing Tree page"]]>
              </value>
            </param>
          </params>
          <reporter-output>
          </reporter-output>
        </test-method> <!-- runScenario -->
        <test-method signature="runScenario(io.cucumber.testng.PickleWrapper,io.cucumber.testng.FeatureWrapper)[pri:0, instance:Runnerfiles.Runnerclass@477b4cdf]" started-at="2023-11-24T12:48:35 EST" name="runScenario" description="Runs Cucumber Scenarios" data-provider="scenarios" finished-at="2023-11-24T12:49:04 EST" duration-ms="28270" status="PASS">
          <params>
            <param index="0">
              <value>
                <![CDATA["user is logged in to DS Algo portal"]]>
              </value>
            </param>
            <param index="1">
              <value>
                <![CDATA["Testing Tree page"]]>
              </value>
            </param>
          </params>
          <reporter-output>
          </reporter-output>
        </test-method> <!-- runScenario -->
        <test-method signature="runScenario(io.cucumber.testng.PickleWrapper,io.cucumber.testng.FeatureWrapper)[pri:0, instance:Runnerfiles.Runnerclass@477b4cdf]" started-at="2023-11-24T12:49:04 EST" name="runScenario" description="Runs Cucumber Scenarios" data-provider="scenarios" finished-at="2023-11-24T12:49:24 EST" duration-ms="20170" status="PASS">
          <params>
            <param index="0">
              <value>
                <![CDATA["user is logged in to DS Algo portal"]]>
              </value>
            </param>
            <param index="1">
              <value>
                <![CDATA["Testing Tree page"]]>
              </value>
            </param>
          </params>
          <reporter-output>
          </reporter-output>
        </test-method> <!-- runScenario -->
        <test-method signature="runScenario(io.cucumber.testng.PickleWrapper,io.cucumber.testng.FeatureWrapper)[pri:0, instance:Runnerfiles.Runnerclass@477b4cdf]" started-at="2023-11-24T12:49:24 EST" name="runScenario" description="Runs Cucumber Scenarios" data-provider="scenarios" finished-at="2023-11-24T12:50:20 EST" duration-ms="55697" status="PASS">
          <params>
            <param index="0">
              <value>
                <![CDATA["user is logged in to DS Algo portal"]]>
              </value>
            </param>
            <param index="1">
              <value>
                <![CDATA["Testing Tree page"]]>
              </value>
            </param>
          </params>
          <reporter-output>
          </reporter-output>
        </test-method> <!-- runScenario -->
        <test-method signature="runScenario(io.cucumber.testng.PickleWrapper,io.cucumber.testng.FeatureWrapper)[pri:0, instance:Runnerfiles.Runnerclass@477b4cdf]" started-at="2023-11-24T12:50:20 EST" name="runScenario" description="Runs Cucumber Scenarios" data-provider="scenarios" finished-at="2023-11-24T12:51:34 EST" duration-ms="74629" status="PASS">
          <params>
            <param index="0">
              <value>
                <![CDATA["user is logged in to DS Algo portal"]]>
              </value>
            </param>
            <param index="1">
              <value>
                <![CDATA["Testing Tree page"]]>
              </value>
            </param>
          </params>
          <reporter-output>
          </reporter-output>
        </test-method> <!-- runScenario -->
        <test-method signature="runScenario(io.cucumber.testng.PickleWrapper,io.cucumber.testng.FeatureWrapper)[pri:0, instance:Runnerfiles.Runnerclass@477b4cdf]" started-at="2023-11-24T12:51:34 EST" name="runScenario" description="Runs Cucumber Scenarios" data-provider="scenarios" finished-at="2023-11-24T12:52:01 EST" duration-ms="26653" status="PASS">
          <params>
            <param index="0">
              <value>
                <![CDATA["user is logged in to DS Algo portal"]]>
              </value>
            </param>
            <param index="1">
              <value>
                <![CDATA["Testing Tree page"]]>
              </value>
            </param>
          </params>
          <reporter-output>
          </reporter-output>
        </test-method> <!-- runScenario -->
        <test-method signature="runScenario(io.cucumber.testng.PickleWrapper,io.cucumber.testng.FeatureWrapper)[pri:0, instance:Runnerfiles.Runnerclass@477b4cdf]" started-at="2023-11-24T12:52:01 EST" name="runScenario" description="Runs Cucumber Scenarios" data-provider="scenarios" finished-at="2023-11-24T12:52:23 EST" duration-ms="22227" status="PASS">
          <params>
            <param index="0">
              <value>
                <![CDATA["user is logged in to DS Algo portal"]]>
              </value>
            </param>
            <param index="1">
              <value>
                <![CDATA["Testing Tree page"]]>
              </value>
            </param>
          </params>
          <reporter-output>
          </reporter-output>
        </test-method> <!-- runScenario -->
        <test-method signature="runScenario(io.cucumber.testng.PickleWrapper,io.cucumber.testng.FeatureWrapper)[pri:0, instance:Runnerfiles.Runnerclass@477b4cdf]" started-at="2023-11-24T12:52:23 EST" name="runScenario" description="Runs Cucumber Scenarios" data-provider="scenarios" finished-at="2023-11-24T12:53:03 EST" duration-ms="40114" status="PASS">
          <params>
            <param index="0">
              <value>
                <![CDATA["user is logged in to DS Algo portal"]]>
              </value>
            </param>
            <param index="1">
              <value>
                <![CDATA["Testing Tree page"]]>
              </value>
            </param>
          </params>
          <reporter-output>
          </reporter-output>
        </test-method> <!-- runScenario -->
        <test-method is-config="true" signature="tearDownClass()[pri:0, instance:Runnerfiles.Runnerclass@477b4cdf]" started-at="2023-11-24T12:53:03 EST" name="tearDownClass" finished-at="2023-11-24T12:53:03 EST" duration-ms="37" status="PASS">
          <reporter-output>
          </reporter-output>
        </test-method> <!-- tearDownClass -->
      </class> <!-- Runnerfiles.Runnerclass -->
    </test> <!-- TestChrome -->
  </suite> <!-- Suite -->
</testng-results>
